This file contains any messages produced by compilers while
running configure, to aid debugging if configure makes a mistake.

It was created by ractip configure 0.0.3, which was
generated by GNU Autoconf 2.69.  Invocation command line was

  $ ./configure 

## --------- ##
## Platform. ##
## --------- ##

hostname = matsudatakashi-no-MacBook-Air.local
uname -m = x86_64
uname -r = 13.0.0
uname -s = Darwin
uname -v = Darwin Kernel Version 13.0.0: Thu Sep 19 22:22:27 PDT 2013; root:xnu-2422.1.72~6/RELEASE_X86_64

/usr/bin/uname -p = i386
/bin/uname -X     = unknown

/bin/arch              = unknown
/usr/bin/arch -k       = unknown
/usr/convex/getsysinfo = unknown
/usr/bin/hostinfo      = Mach kernel version:
	 Darwin Kernel Version 13.0.0: Thu Sep 19 22:22:27 PDT 2013; root:xnu-2422.1.72~6/RELEASE_X86_64
Kernel configured for up to 4 processors.
2 processors are physically available.
4 processors are logically available.
Processor type: i486 (Intel 80486)
Processors active: 0 1 2 3
Primary memory available: 4.00 gigabytes
Default processor set: 149 tasks, 762 threads, 4 processors
Load average: 0.98, Mach factor: 3.01
/bin/machine           = unknown
/usr/bin/oslevel       = unknown
/bin/universe          = unknown

PATH: /usr/bin
PATH: /bin
PATH: /usr/sbin
PATH: /sbin
PATH: /usr/local/bin
PATH: /usr/texbin
PATH: /Users/takashi/local
PATH: /Users/takashi/local/centroid_fold-0.0.9-macosx10.5


## ----------- ##
## Core tests. ##
## ----------- ##

configure:2296: checking for a BSD-compatible install
configure:2364: result: /usr/bin/install -c
configure:2375: checking whether build environment is sane
configure:2430: result: yes
configure:2581: checking for a thread-safe mkdir -p
configure:2620: result: ./install-sh -c -d
configure:2627: checking for gawk
configure:2657: result: no
configure:2627: checking for mawk
configure:2657: result: no
configure:2627: checking for nawk
configure:2657: result: no
configure:2627: checking for awk
configure:2643: found /usr/bin/awk
configure:2654: result: awk
configure:2665: checking whether make sets $(MAKE)
configure:2687: result: yes
configure:2836: checking for g++
configure:2852: found /usr/bin/g++
configure:2863: result: g++
configure:2890: checking for C++ compiler version
configure:2899: g++ --version >&5
Apple LLVM version 5.0 (clang-500.2.79) (based on LLVM 3.3svn)
Target: x86_64-apple-darwin13.0.0
Thread model: posix
Configured with: --prefix=/Applications/Xcode.app/Contents/Developer/usr --with-gxx-include-dir=/usr/include/c++/4.2.1
configure:2910: $? = 0
configure:2899: g++ -v >&5
Configured with: --prefix=/Applications/Xcode.app/Contents/Developer/usr --with-gxx-include-dir=/usr/include/c++/4.2.1
Apple LLVM version 5.0 (clang-500.2.79) (based on LLVM 3.3svn)
Target: x86_64-apple-darwin13.0.0
Thread model: posix
configure:2910: $? = 0
configure:2899: g++ -V >&5
clang: error: argument to '-V' is missing (expected 1 value)
clang: error: no input files
configure:2910: $? = 1
configure:2899: g++ -qversion >&5
clang: error: no input files
configure:2910: $? = 1
configure:2930: checking whether the C++ compiler works
configure:2952: g++    conftest.cpp  >&5
configure:2956: $? = 0
configure:3004: result: yes
configure:3007: checking for C++ compiler default output file name
configure:3009: result: a.out
configure:3015: checking for suffix of executables
configure:3022: g++ -o conftest    conftest.cpp  >&5
configure:3026: $? = 0
configure:3048: result: 
configure:3070: checking whether we are cross compiling
configure:3078: g++ -o conftest    conftest.cpp  >&5
configure:3082: $? = 0
configure:3089: ./conftest
configure:3093: $? = 0
configure:3108: result: no
configure:3113: checking for suffix of object files
configure:3135: g++ -c   conftest.cpp >&5
configure:3139: $? = 0
configure:3160: result: o
configure:3164: checking whether we are using the GNU C++ compiler
configure:3183: g++ -c   conftest.cpp >&5
configure:3183: $? = 0
configure:3192: result: yes
configure:3201: checking whether g++ accepts -g
configure:3221: g++ -c -g  conftest.cpp >&5
configure:3221: $? = 0
configure:3262: result: yes
configure:3296: checking for style of include used by make
configure:3324: result: GNU
configure:3350: checking dependency style of g++
configure:3461: result: gcc3
configure:3524: checking for gcc
configure:3540: found /usr/bin/gcc
configure:3551: result: gcc
configure:3780: checking for C compiler version
configure:3789: gcc --version >&5
Apple LLVM version 5.0 (clang-500.2.79) (based on LLVM 3.3svn)
Target: x86_64-apple-darwin13.0.0
Thread model: posix
Configured with: --prefix=/Applications/Xcode.app/Contents/Developer/usr --with-gxx-include-dir=/usr/include/c++/4.2.1
configure:3800: $? = 0
configure:3789: gcc -v >&5
Configured with: --prefix=/Applications/Xcode.app/Contents/Developer/usr --with-gxx-include-dir=/usr/include/c++/4.2.1
Apple LLVM version 5.0 (clang-500.2.79) (based on LLVM 3.3svn)
Target: x86_64-apple-darwin13.0.0
Thread model: posix
configure:3800: $? = 0
configure:3789: gcc -V >&5
clang: error: argument to '-V' is missing (expected 1 value)
clang: error: no input files
configure:3800: $? = 1
configure:3789: gcc -qversion >&5
clang: error: no input files
configure:3800: $? = 1
configure:3804: checking whether we are using the GNU C compiler
configure:3823: gcc -c   conftest.c >&5
configure:3823: $? = 0
configure:3832: result: yes
configure:3841: checking whether gcc accepts -g
configure:3861: gcc -c -g  conftest.c >&5
configure:3861: $? = 0
configure:3902: result: yes
configure:3919: checking for gcc option to accept ISO C89
configure:3982: gcc  -c -g -O2  conftest.c >&5
configure:3982: $? = 0
configure:3995: result: none needed
configure:4017: checking dependency style of gcc
configure:4128: result: gcc3
configure:4159: checking how to run the C++ preprocessor
configure:4186: g++ -E  conftest.cpp
configure:4186: $? = 0
configure:4200: g++ -E  conftest.cpp
conftest.cpp:11:10: fatal error: 'ac_nonexistent.h' file not found
#include <ac_nonexistent.h>
         ^
1 error generated.
configure:4200: $? = 1
configure: failed program was:
| /* confdefs.h */
| #define PACKAGE_NAME "ractip"
| #define PACKAGE_TARNAME "ractip"
| #define PACKAGE_VERSION "0.0.3"
| #define PACKAGE_STRING "ractip 0.0.3"
| #define PACKAGE_BUGREPORT "satoken@bio.keio.ac.jp"
| #define PACKAGE_URL ""
| #define PACKAGE "ractip"
| #define VERSION "0.0.3"
| /* end confdefs.h.  */
| #include <ac_nonexistent.h>
configure:4225: result: g++ -E
configure:4245: g++ -E  conftest.cpp
configure:4245: $? = 0
configure:4259: g++ -E  conftest.cpp
conftest.cpp:11:10: fatal error: 'ac_nonexistent.h' file not found
#include <ac_nonexistent.h>
         ^
1 error generated.
configure:4259: $? = 1
configure: failed program was:
| /* confdefs.h */
| #define PACKAGE_NAME "ractip"
| #define PACKAGE_TARNAME "ractip"
| #define PACKAGE_VERSION "0.0.3"
| #define PACKAGE_STRING "ractip 0.0.3"
| #define PACKAGE_BUGREPORT "satoken@bio.keio.ac.jp"
| #define PACKAGE_URL ""
| #define PACKAGE "ractip"
| #define VERSION "0.0.3"
| /* end confdefs.h.  */
| #include <ac_nonexistent.h>
configure:4288: checking for grep that handles long lines and -e
configure:4346: result: /usr/bin/grep
configure:4351: checking for egrep
configure:4413: result: /usr/bin/grep -E
configure:4418: checking for ANSI C header files
configure:4438: g++ -c -g -O2  conftest.cpp >&5
configure:4438: $? = 0
configure:4511: g++ -o conftest -g -O2   conftest.cpp  >&5
configure:4511: $? = 0
configure:4511: ./conftest
configure:4511: $? = 0
configure:4522: result: yes
configure:4535: checking for sys/types.h
configure:4535: g++ -c -g -O2  conftest.cpp >&5
configure:4535: $? = 0
configure:4535: result: yes
configure:4535: checking for sys/stat.h
configure:4535: g++ -c -g -O2  conftest.cpp >&5
configure:4535: $? = 0
configure:4535: result: yes
configure:4535: checking for stdlib.h
configure:4535: g++ -c -g -O2  conftest.cpp >&5
configure:4535: $? = 0
configure:4535: result: yes
configure:4535: checking for string.h
configure:4535: g++ -c -g -O2  conftest.cpp >&5
configure:4535: $? = 0
configure:4535: result: yes
configure:4535: checking for memory.h
configure:4535: g++ -c -g -O2  conftest.cpp >&5
configure:4535: $? = 0
configure:4535: result: yes
configure:4535: checking for strings.h
configure:4535: g++ -c -g -O2  conftest.cpp >&5
configure:4535: $? = 0
configure:4535: result: yes
configure:4535: checking for inttypes.h
configure:4535: g++ -c -g -O2  conftest.cpp >&5
configure:4535: $? = 0
configure:4535: result: yes
configure:4535: checking for stdint.h
configure:4535: g++ -c -g -O2  conftest.cpp >&5
configure:4535: $? = 0
configure:4535: result: yes
configure:4535: checking for unistd.h
configure:4535: g++ -c -g -O2  conftest.cpp >&5
configure:4535: $? = 0
configure:4535: result: yes
configure:4550: checking for stdlib.h
configure:4550: result: yes
configure:4550: checking for string.h
configure:4550: result: yes
configure:4550: checking for unistd.h
configure:4550: result: yes
configure:4562: checking for stdbool.h that conforms to C99
configure:4629: g++ -c -g -O2  conftest.cpp >&5
configure:4629: $? = 0
configure:4636: result: yes
configure:4638: checking for _Bool
configure:4638: g++ -c -g -O2  conftest.cpp >&5
conftest.cpp:60:13: error: use of undeclared identifier '_Bool'
if (sizeof (_Bool))
            ^
1 error generated.
configure:4638: $? = 1
configure: failed program was:
| /* confdefs.h */
| #define PACKAGE_NAME "ractip"
| #define PACKAGE_TARNAME "ractip"
| #define PACKAGE_VERSION "0.0.3"
| #define PACKAGE_STRING "ractip 0.0.3"
| #define PACKAGE_BUGREPORT "satoken@bio.keio.ac.jp"
| #define PACKAGE_URL ""
| #define PACKAGE "ractip"
| #define VERSION "0.0.3"
| #define STDC_HEADERS 1
| #define HAVE_SYS_TYPES_H 1
| #define HAVE_SYS_STAT_H 1
| #define HAVE_STDLIB_H 1
| #define HAVE_STRING_H 1
| #define HAVE_MEMORY_H 1
| #define HAVE_STRINGS_H 1
| #define HAVE_INTTYPES_H 1
| #define HAVE_STDINT_H 1
| #define HAVE_UNISTD_H 1
| #define HAVE_STDLIB_H 1
| #define HAVE_STRING_H 1
| #define HAVE_UNISTD_H 1
| /* end confdefs.h.  */
| #include <stdio.h>
| #ifdef HAVE_SYS_TYPES_H
| # include <sys/types.h>
| #endif
| #ifdef HAVE_SYS_STAT_H
| # include <sys/stat.h>
| #endif
| #ifdef STDC_HEADERS
| # include <stdlib.h>
| # include <stddef.h>
| #else
| # ifdef HAVE_STDLIB_H
| #  include <stdlib.h>
| # endif
| #endif
| #ifdef HAVE_STRING_H
| # if !defined STDC_HEADERS && defined HAVE_MEMORY_H
| #  include <memory.h>
| # endif
| # include <string.h>
| #endif
| #ifdef HAVE_STRINGS_H
| # include <strings.h>
| #endif
| #ifdef HAVE_INTTYPES_H
| # include <inttypes.h>
| #endif
| #ifdef HAVE_STDINT_H
| # include <stdint.h>
| #endif
| #ifdef HAVE_UNISTD_H
| # include <unistd.h>
| #endif
| int
| main ()
| {
| if (sizeof (_Bool))
| 	 return 0;
|   ;
|   return 0;
| }
configure:4638: result: no
configure:4655: checking for inline
configure:4671: g++ -c -g -O2  conftest.cpp >&5
configure:4671: $? = 0
configure:4679: result: inline
configure:4699: checking for pthread_create in -lpthread
configure:4724: g++ -o conftest -g -O2   conftest.cpp -lpthread   >&5
configure:4724: $? = 0
configure:4733: result: yes
configure:4757: checking glpk.h usability
configure:4757: g++ -c -g -O2  conftest.cpp >&5
configure:4757: $? = 0
configure:4757: result: yes
configure:4757: checking glpk.h presence
configure:4757: g++ -E  conftest.cpp
configure:4757: $? = 0
configure:4757: result: yes
configure:4757: checking for glpk.h
configure:4757: result: yes
configure:4767: checking for main in -lz
configure:4786: g++ -o conftest -g -O2   conftest.cpp -lz  -lpthread  >&5
configure:4786: $? = 0
configure:4795: result: yes
configure:4806: checking for main in -lgmp
configure:4825: g++ -o conftest -g -O2   conftest.cpp -lgmp  -lz -lpthread  >&5
ld: library not found for -lgmp
clang: error: linker command failed with exit code 1 (use -v to see invocation)
configure:4825: $? = 1
configure: failed program was:
| /* confdefs.h */
| #define PACKAGE_NAME "ractip"
| #define PACKAGE_TARNAME "ractip"
| #define PACKAGE_VERSION "0.0.3"
| #define PACKAGE_STRING "ractip 0.0.3"
| #define PACKAGE_BUGREPORT "satoken@bio.keio.ac.jp"
| #define PACKAGE_URL ""
| #define PACKAGE "ractip"
| #define VERSION "0.0.3"
| #define STDC_HEADERS 1
| #define HAVE_SYS_TYPES_H 1
| #define HAVE_SYS_STAT_H 1
| #define HAVE_STDLIB_H 1
| #define HAVE_STRING_H 1
| #define HAVE_MEMORY_H 1
| #define HAVE_STRINGS_H 1
| #define HAVE_INTTYPES_H 1
| #define HAVE_STDINT_H 1
| #define HAVE_UNISTD_H 1
| #define HAVE_STDLIB_H 1
| #define HAVE_STRING_H 1
| #define HAVE_UNISTD_H 1
| #define HAVE_STDBOOL_H 1
| #define HAVE_LIBPTHREAD 1
| #define HAVE_GLPK_H 1
| #define HAVE_LIBZ 1
| /* end confdefs.h.  */
| 
| 
| int
| main ()
| {
| return main ();
|   ;
|   return 0;
| }
configure:4834: result: no
configure:4845: checking for main in -ldl
configure:4864: g++ -o conftest -g -O2   conftest.cpp -ldl  -lz -lpthread  >&5
configure:4864: $? = 0
configure:4873: result: yes
configure:4884: checking for main in -lltdl
configure:4903: g++ -o conftest -g -O2   conftest.cpp -lltdl  -ldl -lz -lpthread  >&5
configure:4903: $? = 0
configure:4912: result: yes
configure:4923: checking for glp_create_prob in -lglpk
configure:4948: g++ -o conftest -g -O2   conftest.cpp -lglpk  -lltdl -ldl -lz -lpthread  >&5
configure:4948: $? = 0
configure:4957: result: yes
configure:4981: checking ilconcert/ilomodel.h usability
configure:4981: g++ -c -g -O2  conftest.cpp >&5
conftest.cpp:64:10: fatal error: 'ilconcert/ilomodel.h' file not found
#include <ilconcert/ilomodel.h>
         ^
1 error generated.
configure:4981: $? = 1
configure: failed program was:
| /* confdefs.h */
| #define PACKAGE_NAME "ractip"
| #define PACKAGE_TARNAME "ractip"
| #define PACKAGE_VERSION "0.0.3"
| #define PACKAGE_STRING "ractip 0.0.3"
| #define PACKAGE_BUGREPORT "satoken@bio.keio.ac.jp"
| #define PACKAGE_URL ""
| #define PACKAGE "ractip"
| #define VERSION "0.0.3"
| #define STDC_HEADERS 1
| #define HAVE_SYS_TYPES_H 1
| #define HAVE_SYS_STAT_H 1
| #define HAVE_STDLIB_H 1
| #define HAVE_STRING_H 1
| #define HAVE_MEMORY_H 1
| #define HAVE_STRINGS_H 1
| #define HAVE_INTTYPES_H 1
| #define HAVE_STDINT_H 1
| #define HAVE_UNISTD_H 1
| #define HAVE_STDLIB_H 1
| #define HAVE_STRING_H 1
| #define HAVE_UNISTD_H 1
| #define HAVE_STDBOOL_H 1
| #define HAVE_LIBPTHREAD 1
| #define HAVE_GLPK_H 1
| #define HAVE_LIBZ 1
| #define HAVE_LIBDL 1
| #define HAVE_LIBLTDL 1
| #define HAVE_LIBGLPK 1
| /* end confdefs.h.  */
| #include <stdio.h>
| #ifdef HAVE_SYS_TYPES_H
| # include <sys/types.h>
| #endif
| #ifdef HAVE_SYS_STAT_H
| # include <sys/stat.h>
| #endif
| #ifdef STDC_HEADERS
| # include <stdlib.h>
| # include <stddef.h>
| #else
| # ifdef HAVE_STDLIB_H
| #  include <stdlib.h>
| # endif
| #endif
| #ifdef HAVE_STRING_H
| # if !defined STDC_HEADERS && defined HAVE_MEMORY_H
| #  include <memory.h>
| # endif
| # include <string.h>
| #endif
| #ifdef HAVE_STRINGS_H
| # include <strings.h>
| #endif
| #ifdef HAVE_INTTYPES_H
| # include <inttypes.h>
| #endif
| #ifdef HAVE_STDINT_H
| # include <stdint.h>
| #endif
| #ifdef HAVE_UNISTD_H
| # include <unistd.h>
| #endif
| #include <ilconcert/ilomodel.h>
configure:4981: result: no
configure:4981: checking ilconcert/ilomodel.h presence
configure:4981: g++ -E  conftest.cpp
conftest.cpp:31:10: fatal error: 'ilconcert/ilomodel.h' file not found
#include <ilconcert/ilomodel.h>
         ^
1 error generated.
configure:4981: $? = 1
configure: failed program was:
| /* confdefs.h */
| #define PACKAGE_NAME "ractip"
| #define PACKAGE_TARNAME "ractip"
| #define PACKAGE_VERSION "0.0.3"
| #define PACKAGE_STRING "ractip 0.0.3"
| #define PACKAGE_BUGREPORT "satoken@bio.keio.ac.jp"
| #define PACKAGE_URL ""
| #define PACKAGE "ractip"
| #define VERSION "0.0.3"
| #define STDC_HEADERS 1
| #define HAVE_SYS_TYPES_H 1
| #define HAVE_SYS_STAT_H 1
| #define HAVE_STDLIB_H 1
| #define HAVE_STRING_H 1
| #define HAVE_MEMORY_H 1
| #define HAVE_STRINGS_H 1
| #define HAVE_INTTYPES_H 1
| #define HAVE_STDINT_H 1
| #define HAVE_UNISTD_H 1
| #define HAVE_STDLIB_H 1
| #define HAVE_STRING_H 1
| #define HAVE_UNISTD_H 1
| #define HAVE_STDBOOL_H 1
| #define HAVE_LIBPTHREAD 1
| #define HAVE_GLPK_H 1
| #define HAVE_LIBZ 1
| #define HAVE_LIBDL 1
| #define HAVE_LIBLTDL 1
| #define HAVE_LIBGLPK 1
| /* end confdefs.h.  */
| #include <ilconcert/ilomodel.h>
configure:4981: result: no
configure:4981: checking for ilconcert/ilomodel.h
configure:4981: result: no
configure:4991: checking for main in -lconcert
configure:5010: g++ -o conftest -g -O2   conftest.cpp -lconcert  -lglpk -lltdl -ldl -lz -lpthread  >&5
ld: library not found for -lconcert
clang: error: linker command failed with exit code 1 (use -v to see invocation)
configure:5010: $? = 1
configure: failed program was:
| /* confdefs.h */
| #define PACKAGE_NAME "ractip"
| #define PACKAGE_TARNAME "ractip"
| #define PACKAGE_VERSION "0.0.3"
| #define PACKAGE_STRING "ractip 0.0.3"
| #define PACKAGE_BUGREPORT "satoken@bio.keio.ac.jp"
| #define PACKAGE_URL ""
| #define PACKAGE "ractip"
| #define VERSION "0.0.3"
| #define STDC_HEADERS 1
| #define HAVE_SYS_TYPES_H 1
| #define HAVE_SYS_STAT_H 1
| #define HAVE_STDLIB_H 1
| #define HAVE_STRING_H 1
| #define HAVE_MEMORY_H 1
| #define HAVE_STRINGS_H 1
| #define HAVE_INTTYPES_H 1
| #define HAVE_STDINT_H 1
| #define HAVE_UNISTD_H 1
| #define HAVE_STDLIB_H 1
| #define HAVE_STRING_H 1
| #define HAVE_UNISTD_H 1
| #define HAVE_STDBOOL_H 1
| #define HAVE_LIBPTHREAD 1
| #define HAVE_GLPK_H 1
| #define HAVE_LIBZ 1
| #define HAVE_LIBDL 1
| #define HAVE_LIBLTDL 1
| #define HAVE_LIBGLPK 1
| /* end confdefs.h.  */
| 
| 
| int
| main ()
| {
| return main ();
|   ;
|   return 0;
| }
configure:5019: result: no
configure:5032: checking ilcplex/ilocplex.h usability
configure:5032: g++ -c -g -O2  conftest.cpp >&5
conftest.cpp:64:10: fatal error: 'ilcplex/ilocplex.h' file not found
#include <ilcplex/ilocplex.h>
         ^
1 error generated.
configure:5032: $? = 1
configure: failed program was:
| /* confdefs.h */
| #define PACKAGE_NAME "ractip"
| #define PACKAGE_TARNAME "ractip"
| #define PACKAGE_VERSION "0.0.3"
| #define PACKAGE_STRING "ractip 0.0.3"
| #define PACKAGE_BUGREPORT "satoken@bio.keio.ac.jp"
| #define PACKAGE_URL ""
| #define PACKAGE "ractip"
| #define VERSION "0.0.3"
| #define STDC_HEADERS 1
| #define HAVE_SYS_TYPES_H 1
| #define HAVE_SYS_STAT_H 1
| #define HAVE_STDLIB_H 1
| #define HAVE_STRING_H 1
| #define HAVE_MEMORY_H 1
| #define HAVE_STRINGS_H 1
| #define HAVE_INTTYPES_H 1
| #define HAVE_STDINT_H 1
| #define HAVE_UNISTD_H 1
| #define HAVE_STDLIB_H 1
| #define HAVE_STRING_H 1
| #define HAVE_UNISTD_H 1
| #define HAVE_STDBOOL_H 1
| #define HAVE_LIBPTHREAD 1
| #define HAVE_GLPK_H 1
| #define HAVE_LIBZ 1
| #define HAVE_LIBDL 1
| #define HAVE_LIBLTDL 1
| #define HAVE_LIBGLPK 1
| /* end confdefs.h.  */
| #include <stdio.h>
| #ifdef HAVE_SYS_TYPES_H
| # include <sys/types.h>
| #endif
| #ifdef HAVE_SYS_STAT_H
| # include <sys/stat.h>
| #endif
| #ifdef STDC_HEADERS
| # include <stdlib.h>
| # include <stddef.h>
| #else
| # ifdef HAVE_STDLIB_H
| #  include <stdlib.h>
| # endif
| #endif
| #ifdef HAVE_STRING_H
| # if !defined STDC_HEADERS && defined HAVE_MEMORY_H
| #  include <memory.h>
| # endif
| # include <string.h>
| #endif
| #ifdef HAVE_STRINGS_H
| # include <strings.h>
| #endif
| #ifdef HAVE_INTTYPES_H
| # include <inttypes.h>
| #endif
| #ifdef HAVE_STDINT_H
| # include <stdint.h>
| #endif
| #ifdef HAVE_UNISTD_H
| # include <unistd.h>
| #endif
| #include <ilcplex/ilocplex.h>
configure:5032: result: no
configure:5032: checking ilcplex/ilocplex.h presence
configure:5032: g++ -E  conftest.cpp
conftest.cpp:31:10: fatal error: 'ilcplex/ilocplex.h' file not found
#include <ilcplex/ilocplex.h>
         ^
1 error generated.
configure:5032: $? = 1
configure: failed program was:
| /* confdefs.h */
| #define PACKAGE_NAME "ractip"
| #define PACKAGE_TARNAME "ractip"
| #define PACKAGE_VERSION "0.0.3"
| #define PACKAGE_STRING "ractip 0.0.3"
| #define PACKAGE_BUGREPORT "satoken@bio.keio.ac.jp"
| #define PACKAGE_URL ""
| #define PACKAGE "ractip"
| #define VERSION "0.0.3"
| #define STDC_HEADERS 1
| #define HAVE_SYS_TYPES_H 1
| #define HAVE_SYS_STAT_H 1
| #define HAVE_STDLIB_H 1
| #define HAVE_STRING_H 1
| #define HAVE_MEMORY_H 1
| #define HAVE_STRINGS_H 1
| #define HAVE_INTTYPES_H 1
| #define HAVE_STDINT_H 1
| #define HAVE_UNISTD_H 1
| #define HAVE_STDLIB_H 1
| #define HAVE_STRING_H 1
| #define HAVE_UNISTD_H 1
| #define HAVE_STDBOOL_H 1
| #define HAVE_LIBPTHREAD 1
| #define HAVE_GLPK_H 1
| #define HAVE_LIBZ 1
| #define HAVE_LIBDL 1
| #define HAVE_LIBLTDL 1
| #define HAVE_LIBGLPK 1
| /* end confdefs.h.  */
| #include <ilcplex/ilocplex.h>
configure:5032: result: no
configure:5032: checking for ilcplex/ilocplex.h
configure:5032: result: no
configure:5042: checking for main in -lcplex
configure:5061: g++ -o conftest -g -O2   conftest.cpp -lcplex  -lglpk -lltdl -ldl -lz -lpthread  >&5
ld: library not found for -lcplex
clang: error: linker command failed with exit code 1 (use -v to see invocation)
configure:5061: $? = 1
configure: failed program was:
| /* confdefs.h */
| #define PACKAGE_NAME "ractip"
| #define PACKAGE_TARNAME "ractip"
| #define PACKAGE_VERSION "0.0.3"
| #define PACKAGE_STRING "ractip 0.0.3"
| #define PACKAGE_BUGREPORT "satoken@bio.keio.ac.jp"
| #define PACKAGE_URL ""
| #define PACKAGE "ractip"
| #define VERSION "0.0.3"
| #define STDC_HEADERS 1
| #define HAVE_SYS_TYPES_H 1
| #define HAVE_SYS_STAT_H 1
| #define HAVE_STDLIB_H 1
| #define HAVE_STRING_H 1
| #define HAVE_MEMORY_H 1
| #define HAVE_STRINGS_H 1
| #define HAVE_INTTYPES_H 1
| #define HAVE_STDINT_H 1
| #define HAVE_UNISTD_H 1
| #define HAVE_STDLIB_H 1
| #define HAVE_STRING_H 1
| #define HAVE_UNISTD_H 1
| #define HAVE_STDBOOL_H 1
| #define HAVE_LIBPTHREAD 1
| #define HAVE_GLPK_H 1
| #define HAVE_LIBZ 1
| #define HAVE_LIBDL 1
| #define HAVE_LIBLTDL 1
| #define HAVE_LIBGLPK 1
| /* end confdefs.h.  */
| 
| 
| int
| main ()
| {
| return main ();
|   ;
|   return 0;
| }
configure:5070: result: no
configure:5081: checking for main in -lilocplex
configure:5100: g++ -o conftest -g -O2   conftest.cpp -lilocplex  -lglpk -lltdl -ldl -lz -lpthread  >&5
ld: library not found for -lilocplex
clang: error: linker command failed with exit code 1 (use -v to see invocation)
configure:5100: $? = 1
configure: failed program was:
| /* confdefs.h */
| #define PACKAGE_NAME "ractip"
| #define PACKAGE_TARNAME "ractip"
| #define PACKAGE_VERSION "0.0.3"
| #define PACKAGE_STRING "ractip 0.0.3"
| #define PACKAGE_BUGREPORT "satoken@bio.keio.ac.jp"
| #define PACKAGE_URL ""
| #define PACKAGE "ractip"
| #define VERSION "0.0.3"
| #define STDC_HEADERS 1
| #define HAVE_SYS_TYPES_H 1
| #define HAVE_SYS_STAT_H 1
| #define HAVE_STDLIB_H 1
| #define HAVE_STRING_H 1
| #define HAVE_MEMORY_H 1
| #define HAVE_STRINGS_H 1
| #define HAVE_INTTYPES_H 1
| #define HAVE_STDINT_H 1
| #define HAVE_UNISTD_H 1
| #define HAVE_STDLIB_H 1
| #define HAVE_STRING_H 1
| #define HAVE_UNISTD_H 1
| #define HAVE_STDBOOL_H 1
| #define HAVE_LIBPTHREAD 1
| #define HAVE_GLPK_H 1
| #define HAVE_LIBZ 1
| #define HAVE_LIBDL 1
| #define HAVE_LIBLTDL 1
| #define HAVE_LIBGLPK 1
| /* end confdefs.h.  */
| 
| 
| int
| main ()
| {
| return main ();
|   ;
|   return 0;
| }
configure:5109: result: no
configure:5137: checking gurobi_c++.h usability
configure:5137: g++ -c -g -O2  conftest.cpp >&5
conftest.cpp:64:10: fatal error: 'gurobi_c++.h' file not found
#include <gurobi_c++.h>
         ^
1 error generated.
configure:5137: $? = 1
configure: failed program was:
| /* confdefs.h */
| #define PACKAGE_NAME "ractip"
| #define PACKAGE_TARNAME "ractip"
| #define PACKAGE_VERSION "0.0.3"
| #define PACKAGE_STRING "ractip 0.0.3"
| #define PACKAGE_BUGREPORT "satoken@bio.keio.ac.jp"
| #define PACKAGE_URL ""
| #define PACKAGE "ractip"
| #define VERSION "0.0.3"
| #define STDC_HEADERS 1
| #define HAVE_SYS_TYPES_H 1
| #define HAVE_SYS_STAT_H 1
| #define HAVE_STDLIB_H 1
| #define HAVE_STRING_H 1
| #define HAVE_MEMORY_H 1
| #define HAVE_STRINGS_H 1
| #define HAVE_INTTYPES_H 1
| #define HAVE_STDINT_H 1
| #define HAVE_UNISTD_H 1
| #define HAVE_STDLIB_H 1
| #define HAVE_STRING_H 1
| #define HAVE_UNISTD_H 1
| #define HAVE_STDBOOL_H 1
| #define HAVE_LIBPTHREAD 1
| #define HAVE_GLPK_H 1
| #define HAVE_LIBZ 1
| #define HAVE_LIBDL 1
| #define HAVE_LIBLTDL 1
| #define HAVE_LIBGLPK 1
| /* end confdefs.h.  */
| #include <stdio.h>
| #ifdef HAVE_SYS_TYPES_H
| # include <sys/types.h>
| #endif
| #ifdef HAVE_SYS_STAT_H
| # include <sys/stat.h>
| #endif
| #ifdef STDC_HEADERS
| # include <stdlib.h>
| # include <stddef.h>
| #else
| # ifdef HAVE_STDLIB_H
| #  include <stdlib.h>
| # endif
| #endif
| #ifdef HAVE_STRING_H
| # if !defined STDC_HEADERS && defined HAVE_MEMORY_H
| #  include <memory.h>
| # endif
| # include <string.h>
| #endif
| #ifdef HAVE_STRINGS_H
| # include <strings.h>
| #endif
| #ifdef HAVE_INTTYPES_H
| # include <inttypes.h>
| #endif
| #ifdef HAVE_STDINT_H
| # include <stdint.h>
| #endif
| #ifdef HAVE_UNISTD_H
| # include <unistd.h>
| #endif
| #include <gurobi_c++.h>
configure:5137: result: no
configure:5137: checking gurobi_c++.h presence
configure:5137: g++ -E  conftest.cpp
conftest.cpp:31:10: fatal error: 'gurobi_c++.h' file not found
#include <gurobi_c++.h>
         ^
1 error generated.
configure:5137: $? = 1
configure: failed program was:
| /* confdefs.h */
| #define PACKAGE_NAME "ractip"
| #define PACKAGE_TARNAME "ractip"
| #define PACKAGE_VERSION "0.0.3"
| #define PACKAGE_STRING "ractip 0.0.3"
| #define PACKAGE_BUGREPORT "satoken@bio.keio.ac.jp"
| #define PACKAGE_URL ""
| #define PACKAGE "ractip"
| #define VERSION "0.0.3"
| #define STDC_HEADERS 1
| #define HAVE_SYS_TYPES_H 1
| #define HAVE_SYS_STAT_H 1
| #define HAVE_STDLIB_H 1
| #define HAVE_STRING_H 1
| #define HAVE_MEMORY_H 1
| #define HAVE_STRINGS_H 1
| #define HAVE_INTTYPES_H 1
| #define HAVE_STDINT_H 1
| #define HAVE_UNISTD_H 1
| #define HAVE_STDLIB_H 1
| #define HAVE_STRING_H 1
| #define HAVE_UNISTD_H 1
| #define HAVE_STDBOOL_H 1
| #define HAVE_LIBPTHREAD 1
| #define HAVE_GLPK_H 1
| #define HAVE_LIBZ 1
| #define HAVE_LIBDL 1
| #define HAVE_LIBLTDL 1
| #define HAVE_LIBGLPK 1
| /* end confdefs.h.  */
| #include <gurobi_c++.h>
configure:5137: result: no
configure:5137: checking for gurobi_c++.h
configure:5137: result: no
configure:5147: checking for GRBloadenv in -lgurobi20
configure:5172: g++ -o conftest -g -O2   conftest.cpp -lgurobi20  -lglpk -lltdl -ldl -lz -lpthread  >&5
ld: library not found for -lgurobi20
clang: error: linker command failed with exit code 1 (use -v to see invocation)
configure:5172: $? = 1
configure: failed program was:
| /* confdefs.h */
| #define PACKAGE_NAME "ractip"
| #define PACKAGE_TARNAME "ractip"
| #define PACKAGE_VERSION "0.0.3"
| #define PACKAGE_STRING "ractip 0.0.3"
| #define PACKAGE_BUGREPORT "satoken@bio.keio.ac.jp"
| #define PACKAGE_URL ""
| #define PACKAGE "ractip"
| #define VERSION "0.0.3"
| #define STDC_HEADERS 1
| #define HAVE_SYS_TYPES_H 1
| #define HAVE_SYS_STAT_H 1
| #define HAVE_STDLIB_H 1
| #define HAVE_STRING_H 1
| #define HAVE_MEMORY_H 1
| #define HAVE_STRINGS_H 1
| #define HAVE_INTTYPES_H 1
| #define HAVE_STDINT_H 1
| #define HAVE_UNISTD_H 1
| #define HAVE_STDLIB_H 1
| #define HAVE_STRING_H 1
| #define HAVE_UNISTD_H 1
| #define HAVE_STDBOOL_H 1
| #define HAVE_LIBPTHREAD 1
| #define HAVE_GLPK_H 1
| #define HAVE_LIBZ 1
| #define HAVE_LIBDL 1
| #define HAVE_LIBLTDL 1
| #define HAVE_LIBGLPK 1
| /* end confdefs.h.  */
| 
| /* Override any GCC internal prototype to avoid an error.
|    Use char because int might match the return type of a GCC
|    builtin and then its argument prototype would still apply.  */
| #ifdef __cplusplus
| extern "C"
| #endif
| char GRBloadenv ();
| int
| main ()
| {
| return GRBloadenv ();
|   ;
|   return 0;
| }
configure:5181: result: no
configure:5199: checking for pf_fold in -lRNA
configure:5224: g++ -o conftest -g -O2   conftest.cpp -lRNA  -lglpk -lltdl -ldl -lz -lpthread  >&5
configure:5224: $? = 0
configure:5233: result: yes
configure:5244: checking ViennaRNA/ribo.h usability
configure:5244: g++ -c -g -O2  conftest.cpp >&5
configure:5244: $? = 0
configure:5244: result: yes
configure:5244: checking ViennaRNA/ribo.h presence
configure:5244: g++ -E  conftest.cpp
configure:5244: $? = 0
configure:5244: result: yes
configure:5244: checking for ViennaRNA/ribo.h
configure:5244: result: yes
configure:5252: checking for energy_of_structure
configure:5252: g++ -o conftest -g -O2   conftest.cpp -lRNA -lglpk -lltdl -ldl -lz -lpthread  >&5
configure:5252: $? = 0
configure:5252: result: yes
configure:5372: checking that generated files are newer than configure
configure:5378: result: done
configure:5405: creating ./config.status

## ---------------------- ##
## Running config.status. ##
## ---------------------- ##

This file was extended by ractip config.status 0.0.3, which was
generated by GNU Autoconf 2.69.  Invocation command line was

  CONFIG_FILES    = 
  CONFIG_HEADERS  = 
  CONFIG_LINKS    = 
  CONFIG_COMMANDS = 
  $ ./config.status 

on matsudatakashi-no-MacBook-Air.local

config.status:868: creating Makefile
config.status:868: creating src/Makefile
config.status:868: creating config.h
config.status:1049: config.h is unchanged
config.status:1097: executing depfiles commands

## ---------------- ##
## Cache variables. ##
## ---------------- ##

ac_cv_c_compiler_gnu=yes
ac_cv_c_inline=inline
ac_cv_cxx_compiler_gnu=yes
ac_cv_env_CCC_set=
ac_cv_env_CCC_value=
ac_cv_env_CC_set=
ac_cv_env_CC_value=
ac_cv_env_CFLAGS_set=
ac_cv_env_CFLAGS_value=
ac_cv_env_CPPFLAGS_set=
ac_cv_env_CPPFLAGS_value=
ac_cv_env_CXXCPP_set=
ac_cv_env_CXXCPP_value=
ac_cv_env_CXXFLAGS_set=
ac_cv_env_CXXFLAGS_value=
ac_cv_env_CXX_set=
ac_cv_env_CXX_value=
ac_cv_env_LDFLAGS_set=
ac_cv_env_LDFLAGS_value=
ac_cv_env_LIBS_set=
ac_cv_env_LIBS_value=
ac_cv_env_build_alias_set=
ac_cv_env_build_alias_value=
ac_cv_env_host_alias_set=
ac_cv_env_host_alias_value=
ac_cv_env_target_alias_set=
ac_cv_env_target_alias_value=
ac_cv_func_energy_of_structure=yes
ac_cv_header_ViennaRNA_ribo_h=yes
ac_cv_header_glpk_h=yes
ac_cv_header_gurobi_cpp_h=no
ac_cv_header_ilconcert_ilomodel_h=no
ac_cv_header_ilcplex_ilocplex_h=no
ac_cv_header_inttypes_h=yes
ac_cv_header_memory_h=yes
ac_cv_header_stdbool_h=yes
ac_cv_header_stdc=yes
ac_cv_header_stdint_h=yes
ac_cv_header_stdlib_h=yes
ac_cv_header_string_h=yes
ac_cv_header_strings_h=yes
ac_cv_header_sys_stat_h=yes
ac_cv_header_sys_types_h=yes
ac_cv_header_unistd_h=yes
ac_cv_lib_RNA_pf_fold=yes
ac_cv_lib_concert_main=no
ac_cv_lib_cplex_main=no
ac_cv_lib_dl_main=yes
ac_cv_lib_glpk_glp_create_prob=yes
ac_cv_lib_gmp_main=no
ac_cv_lib_gurobi20_GRBloadenv=no
ac_cv_lib_ilocplex_main=no
ac_cv_lib_ltdl_main=yes
ac_cv_lib_pthread_pthread_create=yes
ac_cv_lib_z_main=yes
ac_cv_objext=o
ac_cv_path_EGREP='/usr/bin/grep -E'
ac_cv_path_GREP=/usr/bin/grep
ac_cv_path_install='/usr/bin/install -c'
ac_cv_prog_AWK=awk
ac_cv_prog_CXXCPP='g++ -E'
ac_cv_prog_ac_ct_CC=gcc
ac_cv_prog_ac_ct_CXX=g++
ac_cv_prog_cc_c89=
ac_cv_prog_cc_g=yes
ac_cv_prog_cxx_g=yes
ac_cv_prog_make_make_set=yes
ac_cv_type__Bool=no
am_cv_CC_dependencies_compiler_type=gcc3
am_cv_CXX_dependencies_compiler_type=gcc3

## ----------------- ##
## Output variables. ##
## ----------------- ##

ACLOCAL='${SHELL} /Users/takashi/cbrc/ractip-0.0.3/missing --run aclocal-1.12'
AMDEPBACKSLASH='\'
AMDEP_FALSE='#'
AMDEP_TRUE=''
AMTAR='$${TAR-tar}'
AUTOCONF='${SHELL} /Users/takashi/cbrc/ractip-0.0.3/missing --run autoconf'
AUTOHEADER='${SHELL} /Users/takashi/cbrc/ractip-0.0.3/missing --run autoheader'
AUTOMAKE='${SHELL} /Users/takashi/cbrc/ractip-0.0.3/missing --run automake-1.12'
AWK='awk'
CC='gcc'
CCDEPMODE='depmode=gcc3'
CFLAGS='-g -O2'
CPPFLAGS=''
CXX='g++'
CXXCPP='g++ -E'
CXXDEPMODE='depmode=gcc3'
CXXFLAGS='-g -O2'
CYGPATH_W='echo'
DEFS='-DHAVE_CONFIG_H'
DEPDIR='.deps'
ECHO_C='\c'
ECHO_N=''
ECHO_T=''
EGREP='/usr/bin/grep -E'
EXEEXT=''
GREP='/usr/bin/grep'
INSTALL_DATA='${INSTALL} -m 644'
INSTALL_PROGRAM='${INSTALL}'
INSTALL_SCRIPT='${INSTALL}'
INSTALL_STRIP_PROGRAM='$(install_sh) -c -s'
LDFLAGS=''
LIBOBJS=''
LIBS='-lRNA -lglpk -lltdl -ldl -lz -lpthread '
LTLIBOBJS=''
MAKEINFO='${SHELL} /Users/takashi/cbrc/ractip-0.0.3/missing --run makeinfo'
MKDIR_P='./install-sh -c -d'
OBJEXT='o'
PACKAGE='ractip'
PACKAGE_BUGREPORT='satoken@bio.keio.ac.jp'
PACKAGE_NAME='ractip'
PACKAGE_STRING='ractip 0.0.3'
PACKAGE_TARNAME='ractip'
PACKAGE_URL=''
PACKAGE_VERSION='0.0.3'
PATH_SEPARATOR=':'
SET_MAKE=''
SHELL='/bin/sh'
STRIP=''
VERSION='0.0.3'
ac_ct_CC='gcc'
ac_ct_CXX='g++'
am__EXEEXT_FALSE=''
am__EXEEXT_TRUE='#'
am__fastdepCC_FALSE='#'
am__fastdepCC_TRUE=''
am__fastdepCXX_FALSE='#'
am__fastdepCXX_TRUE=''
am__include='include'
am__isrc=''
am__leading_dot='.'
am__nodep='_no'
am__quote=''
am__tar='$${TAR-tar} chof - "$$tardir"'
am__untar='$${TAR-tar} xf -'
bindir='${exec_prefix}/bin'
build_alias=''
datadir='${datarootdir}'
datarootdir='${prefix}/share'
docdir='${datarootdir}/doc/${PACKAGE_TARNAME}'
dvidir='${docdir}'
exec_prefix='${prefix}'
host_alias=''
htmldir='${docdir}'
includedir='${prefix}/include'
infodir='${datarootdir}/info'
install_sh='${SHELL} /Users/takashi/cbrc/ractip-0.0.3/install-sh'
libdir='${exec_prefix}/lib'
libexecdir='${exec_prefix}/libexec'
localedir='${datarootdir}/locale'
localstatedir='${prefix}/var'
mandir='${datarootdir}/man'
mkdir_p='$(MKDIR_P)'
oldincludedir='/usr/include'
pdfdir='${docdir}'
prefix='/usr/local'
program_transform_name='s,x,x,'
psdir='${docdir}'
sbindir='${exec_prefix}/sbin'
sharedstatedir='${prefix}/com'
sysconfdir='${prefix}/etc'
target_alias=''

## ----------- ##
## confdefs.h. ##
## ----------- ##

/* confdefs.h */
#define PACKAGE_NAME "ractip"
#define PACKAGE_TARNAME "ractip"
#define PACKAGE_VERSION "0.0.3"
#define PACKAGE_STRING "ractip 0.0.3"
#define PACKAGE_BUGREPORT "satoken@bio.keio.ac.jp"
#define PACKAGE_URL ""
#define PACKAGE "ractip"
#define VERSION "0.0.3"
#define STDC_HEADERS 1
#define HAVE_SYS_TYPES_H 1
#define HAVE_SYS_STAT_H 1
#define HAVE_STDLIB_H 1
#define HAVE_STRING_H 1
#define HAVE_MEMORY_H 1
#define HAVE_STRINGS_H 1
#define HAVE_INTTYPES_H 1
#define HAVE_STDINT_H 1
#define HAVE_UNISTD_H 1
#define HAVE_STDLIB_H 1
#define HAVE_STRING_H 1
#define HAVE_UNISTD_H 1
#define HAVE_STDBOOL_H 1
#define HAVE_LIBPTHREAD 1
#define HAVE_GLPK_H 1
#define HAVE_LIBZ 1
#define HAVE_LIBDL 1
#define HAVE_LIBLTDL 1
#define HAVE_LIBGLPK 1
#define HAVE_LIBRNA 1
#define HAVE_VIENNA18 /**/
#define HAVE_VIENNA20 /**/

configure: exit 0
